<?xml version="1.0" encoding="UTF-8"?>
<testsuite xmlns:xsi="http://www.w3.org/2001/XMLSchema-instance" xsi:noNamespaceSchemaLocation="https://maven.apache.org/surefire/maven-surefire-plugin/xsd/surefire-test-report-3.0.xsd" version="3.0" name="com.refactoring.extractsuperclass.ExtractSuperclassRefactorerTest" time="1.428" tests="6" errors="0" skipped="0" failures="0">
  <properties>
    <property name="java.specification.version" value="21"/>
    <property name="sun.cpu.isalist" value="amd64"/>
    <property name="sun.jnu.encoding" value="GBK"/>
    <property name="java.class.path" value="C:\Users\wudi\Desktop\extension_develop\Extract_Superclass\target\test-classes;C:\Users\wudi\Desktop\extension_develop\Extract_Superclass\target\classes;C:\Users\wudi\.m2\repository\com\fasterxml\jackson\core\jackson-databind\2.17.1\jackson-databind-2.17.1.jar;C:\Users\wudi\.m2\repository\com\fasterxml\jackson\core\jackson-annotations\2.17.1\jackson-annotations-2.17.1.jar;C:\Users\wudi\.m2\repository\com\fasterxml\jackson\core\jackson-core\2.17.1\jackson-core-2.17.1.jar;C:\Users\wudi\.m2\repository\org\eclipse\jdt\org.eclipse.jdt.core\3.36.0\org.eclipse.jdt.core-3.36.0.jar;C:\Users\wudi\.m2\repository\org\eclipse\platform\org.eclipse.core.resources\3.20.0\org.eclipse.core.resources-3.20.0.jar;C:\Users\wudi\.m2\repository\org\eclipse\platform\org.eclipse.core.expressions\3.9.200\org.eclipse.core.expressions-3.9.200.jar;C:\Users\wudi\.m2\repository\org\eclipse\platform\org.eclipse.osgi\3.18.600\org.eclipse.osgi-3.18.600.jar;C:\Users\wudi\.m2\repository\org\eclipse\platform\org.eclipse.core.runtime\3.30.0\org.eclipse.core.runtime-3.30.0.jar;C:\Users\wudi\.m2\repository\org\eclipse\platform\org.eclipse.equinox.common\3.18.200\org.eclipse.equinox.common-3.18.200.jar;C:\Users\wudi\.m2\repository\org\eclipse\platform\org.eclipse.core.jobs\3.15.100\org.eclipse.core.jobs-3.15.100.jar;C:\Users\wudi\.m2\repository\org\eclipse\platform\org.eclipse.equinox.registry\3.11.400\org.eclipse.equinox.registry-3.11.400.jar;C:\Users\wudi\.m2\repository\org\eclipse\platform\org.eclipse.equinox.preferences\3.10.400\org.eclipse.equinox.preferences-3.10.400.jar;C:\Users\wudi\.m2\repository\org\osgi\org.osgi.service.prefs\1.1.2\org.osgi.service.prefs-1.1.2.jar;C:\Users\wudi\.m2\repository\org\osgi\osgi.annotation\8.0.1\osgi.annotation-8.0.1.jar;C:\Users\wudi\.m2\repository\org\eclipse\platform\org.eclipse.core.contenttype\3.9.200\org.eclipse.core.contenttype-3.9.200.jar;C:\Users\wudi\.m2\repository\org\eclipse\platform\org.eclipse.equinox.app\1.6.400\org.eclipse.equinox.app-1.6.400.jar;C:\Users\wudi\.m2\repository\org\eclipse\platform\org.eclipse.core.filesystem\1.10.200\org.eclipse.core.filesystem-1.10.200.jar;C:\Users\wudi\.m2\repository\org\eclipse\platform\org.eclipse.text\3.13.100\org.eclipse.text-3.13.100.jar;C:\Users\wudi\.m2\repository\org\eclipse\platform\org.eclipse.core.commands\3.11.100\org.eclipse.core.commands-3.11.100.jar;C:\Users\wudi\.m2\repository\org\eclipse\jdt\ecj\3.36.0\ecj-3.36.0.jar;C:\Users\wudi\.m2\repository\info\picocli\picocli\4.7.5\picocli-4.7.5.jar;C:\Users\wudi\.m2\repository\org\slf4j\slf4j-api\1.7.36\slf4j-api-1.7.36.jar;C:\Users\wudi\.m2\repository\ch\qos\logback\logback-classic\1.2.13\logback-classic-1.2.13.jar;C:\Users\wudi\.m2\repository\ch\qos\logback\logback-core\1.2.13\logback-core-1.2.13.jar;C:\Users\wudi\.m2\repository\org\junit\jupiter\junit-jupiter\5.10.2\junit-jupiter-5.10.2.jar;C:\Users\wudi\.m2\repository\org\junit\jupiter\junit-jupiter-api\5.10.2\junit-jupiter-api-5.10.2.jar;C:\Users\wudi\.m2\repository\org\opentest4j\opentest4j\1.3.0\opentest4j-1.3.0.jar;C:\Users\wudi\.m2\repository\org\junit\platform\junit-platform-commons\1.10.2\junit-platform-commons-1.10.2.jar;C:\Users\wudi\.m2\repository\org\apiguardian\apiguardian-api\1.1.2\apiguardian-api-1.1.2.jar;C:\Users\wudi\.m2\repository\org\junit\jupiter\junit-jupiter-params\5.10.2\junit-jupiter-params-5.10.2.jar;C:\Users\wudi\.m2\repository\org\junit\jupiter\junit-jupiter-engine\5.10.2\junit-jupiter-engine-5.10.2.jar;C:\Users\wudi\.m2\repository\org\junit\platform\junit-platform-engine\1.10.2\junit-platform-engine-1.10.2.jar;"/>
    <property name="java.vm.vendor" value="Amazon.com Inc."/>
    <property name="sun.arch.data.model" value="64"/>
    <property name="user.variant" value=""/>
    <property name="java.vendor.url" value="https://aws.amazon.com/corretto/"/>
    <property name="user.timezone" value="Asia/Shanghai"/>
    <property name="os.name" value="Windows 11"/>
    <property name="java.vm.specification.version" value="21"/>
    <property name="sun.java.launcher" value="SUN_STANDARD"/>
    <property name="user.country" value="CN"/>
    <property name="sun.boot.library.path" value="C:\Users\wudi\.jdks\corretto-21.0.6\bin"/>
    <property name="sun.java.command" value="C:\Users\wudi\AppData\Local\Temp\surefire3820004298867975815\surefirebooter-20251023194501912_3.jar C:\Users\wudi\AppData\Local\Temp\surefire3820004298867975815 2025-10-23T19-45-01_670-jvmRun1 surefire-20251023194501912_1tmp surefire_0-20251023194501912_2tmp"/>
    <property name="jdk.debug" value="release"/>
    <property name="surefire.test.class.path" value="C:\Users\wudi\Desktop\extension_develop\Extract_Superclass\target\test-classes;C:\Users\wudi\Desktop\extension_develop\Extract_Superclass\target\classes;C:\Users\wudi\.m2\repository\com\fasterxml\jackson\core\jackson-databind\2.17.1\jackson-databind-2.17.1.jar;C:\Users\wudi\.m2\repository\com\fasterxml\jackson\core\jackson-annotations\2.17.1\jackson-annotations-2.17.1.jar;C:\Users\wudi\.m2\repository\com\fasterxml\jackson\core\jackson-core\2.17.1\jackson-core-2.17.1.jar;C:\Users\wudi\.m2\repository\org\eclipse\jdt\org.eclipse.jdt.core\3.36.0\org.eclipse.jdt.core-3.36.0.jar;C:\Users\wudi\.m2\repository\org\eclipse\platform\org.eclipse.core.resources\3.20.0\org.eclipse.core.resources-3.20.0.jar;C:\Users\wudi\.m2\repository\org\eclipse\platform\org.eclipse.core.expressions\3.9.200\org.eclipse.core.expressions-3.9.200.jar;C:\Users\wudi\.m2\repository\org\eclipse\platform\org.eclipse.osgi\3.18.600\org.eclipse.osgi-3.18.600.jar;C:\Users\wudi\.m2\repository\org\eclipse\platform\org.eclipse.core.runtime\3.30.0\org.eclipse.core.runtime-3.30.0.jar;C:\Users\wudi\.m2\repository\org\eclipse\platform\org.eclipse.equinox.common\3.18.200\org.eclipse.equinox.common-3.18.200.jar;C:\Users\wudi\.m2\repository\org\eclipse\platform\org.eclipse.core.jobs\3.15.100\org.eclipse.core.jobs-3.15.100.jar;C:\Users\wudi\.m2\repository\org\eclipse\platform\org.eclipse.equinox.registry\3.11.400\org.eclipse.equinox.registry-3.11.400.jar;C:\Users\wudi\.m2\repository\org\eclipse\platform\org.eclipse.equinox.preferences\3.10.400\org.eclipse.equinox.preferences-3.10.400.jar;C:\Users\wudi\.m2\repository\org\osgi\org.osgi.service.prefs\1.1.2\org.osgi.service.prefs-1.1.2.jar;C:\Users\wudi\.m2\repository\org\osgi\osgi.annotation\8.0.1\osgi.annotation-8.0.1.jar;C:\Users\wudi\.m2\repository\org\eclipse\platform\org.eclipse.core.contenttype\3.9.200\org.eclipse.core.contenttype-3.9.200.jar;C:\Users\wudi\.m2\repository\org\eclipse\platform\org.eclipse.equinox.app\1.6.400\org.eclipse.equinox.app-1.6.400.jar;C:\Users\wudi\.m2\repository\org\eclipse\platform\org.eclipse.core.filesystem\1.10.200\org.eclipse.core.filesystem-1.10.200.jar;C:\Users\wudi\.m2\repository\org\eclipse\platform\org.eclipse.text\3.13.100\org.eclipse.text-3.13.100.jar;C:\Users\wudi\.m2\repository\org\eclipse\platform\org.eclipse.core.commands\3.11.100\org.eclipse.core.commands-3.11.100.jar;C:\Users\wudi\.m2\repository\org\eclipse\jdt\ecj\3.36.0\ecj-3.36.0.jar;C:\Users\wudi\.m2\repository\info\picocli\picocli\4.7.5\picocli-4.7.5.jar;C:\Users\wudi\.m2\repository\org\slf4j\slf4j-api\1.7.36\slf4j-api-1.7.36.jar;C:\Users\wudi\.m2\repository\ch\qos\logback\logback-classic\1.2.13\logback-classic-1.2.13.jar;C:\Users\wudi\.m2\repository\ch\qos\logback\logback-core\1.2.13\logback-core-1.2.13.jar;C:\Users\wudi\.m2\repository\org\junit\jupiter\junit-jupiter\5.10.2\junit-jupiter-5.10.2.jar;C:\Users\wudi\.m2\repository\org\junit\jupiter\junit-jupiter-api\5.10.2\junit-jupiter-api-5.10.2.jar;C:\Users\wudi\.m2\repository\org\opentest4j\opentest4j\1.3.0\opentest4j-1.3.0.jar;C:\Users\wudi\.m2\repository\org\junit\platform\junit-platform-commons\1.10.2\junit-platform-commons-1.10.2.jar;C:\Users\wudi\.m2\repository\org\apiguardian\apiguardian-api\1.1.2\apiguardian-api-1.1.2.jar;C:\Users\wudi\.m2\repository\org\junit\jupiter\junit-jupiter-params\5.10.2\junit-jupiter-params-5.10.2.jar;C:\Users\wudi\.m2\repository\org\junit\jupiter\junit-jupiter-engine\5.10.2\junit-jupiter-engine-5.10.2.jar;C:\Users\wudi\.m2\repository\org\junit\platform\junit-platform-engine\1.10.2\junit-platform-engine-1.10.2.jar;"/>
    <property name="sun.cpu.endian" value="little"/>
    <property name="user.home" value="C:\Users\wudi"/>
    <property name="user.language" value="zh"/>
    <property name="java.specification.vendor" value="Oracle Corporation"/>
    <property name="java.version.date" value="2025-01-21"/>
    <property name="java.home" value="C:\Users\wudi\.jdks\corretto-21.0.6"/>
    <property name="file.separator" value="\"/>
    <property name="basedir" value="C:\Users\wudi\Desktop\extension_develop\Extract_Superclass"/>
    <property name="java.vm.compressedOopsMode" value="Zero based"/>
    <property name="line.separator" value="&#10;"/>
    <property name="java.vm.specification.vendor" value="Oracle Corporation"/>
    <property name="java.specification.name" value="Java Platform API Specification"/>
    <property name="surefire.real.class.path" value="C:\Users\wudi\AppData\Local\Temp\surefire3820004298867975815\surefirebooter-20251023194501912_3.jar"/>
    <property name="user.script" value=""/>
    <property name="sun.management.compiler" value="HotSpot 64-Bit Tiered Compilers"/>
    <property name="java.runtime.version" value="21.0.6+7-LTS"/>
    <property name="user.name" value="wudi"/>
    <property name="stdout.encoding" value="GBK"/>
    <property name="path.separator" value=";"/>
    <property name="os.version" value="10.0"/>
    <property name="java.runtime.name" value="OpenJDK Runtime Environment"/>
    <property name="file.encoding" value="UTF-8"/>
    <property name="java.vm.name" value="OpenJDK 64-Bit Server VM"/>
    <property name="java.vendor.version" value="Corretto-21.0.6.7.1"/>
    <property name="localRepository" value="C:\Users\wudi\.m2\repository"/>
    <property name="java.vendor.url.bug" value="https://github.com/corretto/corretto-21/issues/"/>
    <property name="java.io.tmpdir" value="C:\Users\wudi\AppData\Local\Temp\"/>
    <property name="java.version" value="21.0.6"/>
    <property name="user.dir" value="C:\Users\wudi\Desktop\extension_develop\Extract_Superclass"/>
    <property name="os.arch" value="amd64"/>
    <property name="java.vm.specification.name" value="Java Virtual Machine Specification"/>
    <property name="sun.os.patch.level" value=""/>
    <property name="native.encoding" value="GBK"/>
    <property name="java.library.path" value="C:\Users\wudi\.jdks\corretto-21.0.6\bin;C:\WINDOWS\Sun\Java\bin;C:\WINDOWS\system32;C:\WINDOWS;C:\Daily Software\CUDA11_7\bin;C:\Daily Software\CUDA11_7\libnvvp;C:\Program Files (x86)\VMware\VMware Workstation\bin\;C:\Windows\system32;C:\Windows;C:\Windows\System32\Wbem;C:\Windows\System32\WindowsPowerShell\v1.0\;C:\Windows\System32\OpenSSH\;C:\Program Files (x86)\NVIDIA Corporation\PhysX\Common;C:\Program Files\Bandizip\;C:\Users\wudi\.jdks\corretto-21.0.6\bin;C:\Program Files\dotnet\;C:\Program Files\Docker\Docker\resources\bin;C:\Daily Software\Git\cmd;D:\Daily Software\nodejs\node_global\node_modules;C:\Program Files\NVIDIA Corporation\Nsight Compute 2022.2.0\;D:\Daily Software\apache-ant-1.10.14-bin\apache-ant-1.10.14\bin;C:\Program Files\MySQL\MySQL Server 8.0\bin;D:\Cloc;C:\Program Files\NVIDIA Corporation\NVIDIA app\NvDLISR;D:\Daily Software\codeql;D:\nvm;C:\nvm4w\nodejs;D:\mingw64\bin;C:\WINDOWS\system32;C:\WINDOWS;C:\WINDOWS\System32\Wbem;C:\WINDOWS\System32\WindowsPowerShell\v1.0\;C:\WINDOWS\System32\OpenSSH\;C:\Users\wudi\Desktop\pmd-bin-7.14.0\bin;C:\Program Files\MySQL\MySQL Shell 8.0\bin\;C:\Users\wudi\AppData\Local\Programs\Python\Python310\;C:\Users\wudi\AppData\Local\Programs\Python\Python37\Scripts\;C:\Users\wudi\AppData\Local\Programs\Python\Python37\;C:\Users\wudi\AppData\Local\Programs\Python\Python310\Scripts\;C:\Users\wudi\AppData\Local\Programs\Python\Python36\Scripts\;C:\Users\wudi\AppData\Local\Programs\Python\Python36\;C:\Daily Software\apache-maven-3.8.8-bin\apache-maven-3.8.8\bin;D:\Daily Software\anaconda;D:\Daily Software\anaconda\Library\mingw-w64\bin;D:\Daily Software\anaconda\Library\usr\bin;D:\Daily Software\anaconda\Library\bin;D:\Daily Software\anaconda\Scripts;C:\Users\wudi\AppData\Local\Microsoft\WindowsApps;C:\Program Files\JetBrains\PyCharm 2021.3\bin;;D:\Daily Software\IntelliJ IDEA 2023.2.2\bin;;C:\Daily Software\sonar-scanner-cli-4.3.0.2102-windows\sonar-scanner-4.3.0.2102-windows\bin;D:\Daily Software\IntelliJ IDEA Community Edition 2019.3.5\bin;;D:\Daily Software\gradle-8.0.2-all\gradle-8.0.2\bin;D:\Daily Software\Microsoft VS Code\bin;C:\Users\wudi\AppData\Local\GitHubDesktop\bin;C:\Users\wudi\Desktop\test\DependencyFinder-1.4.0\bin;D:\Daily Software\codeql;D:\Daily Software\cursor\resources\app\bin;D:\nvm;C:\nvm4w\nodejs;D:\Windsurf\bin;;c:\Users\wudi\AppData\Roaming\Code\User\globalStorage\github.copilot-chat\debugCommand;."/>
    <property name="java.vm.info" value="mixed mode, sharing"/>
    <property name="stderr.encoding" value="GBK"/>
    <property name="java.vendor" value="Amazon.com Inc."/>
    <property name="java.vm.version" value="21.0.6+7-LTS"/>
    <property name="sun.io.unicode.encoding" value="UnicodeLittle"/>
    <property name="java.class.version" value="65.0"/>
  </properties>
  <testcase name="sharedSuperclass_createsIntermediateSuperclass(Path)" classname="com.refactoring.extractsuperclass.ExtractSuperclassRefactorerTest" time="0.996">
    <system-out><![CDATA[19:45:03.552 [main] INFO com.refactoring.extractsuperclass.ExtractSuperclassRefactorer - Available classes: [com.example.Alpha, com.example.Beta, com.example.ExistingBase]
19:45:03.556 [main] INFO com.refactoring.extractsuperclass.ExtractSuperclassRefactorer - Preferred package: com.example
19:45:03.556 [main] INFO com.refactoring.extractsuperclass.ExtractSuperclassRefactorer - Resolving class name: com.example.Alpha
19:45:03.556 [main] INFO com.refactoring.extractsuperclass.ExtractSuperclassRefactorer - Added FQN: com.example.Alpha
19:45:03.556 [main] INFO com.refactoring.extractsuperclass.ExtractSuperclassRefactorer - Resolving class name: com.example.Beta
19:45:03.556 [main] INFO com.refactoring.extractsuperclass.ExtractSuperclassRefactorer - Added FQN: com.example.Beta
19:45:03.557 [main] DEBUG com.refactoring.extractsuperclass.ExtractSuperclassRefactorer - Inferred package com.example for directory C:\Users\wudi\AppData\Local\Temp\junit1194400412161423597\src\com\example
19:45:03.558 [main] DEBUG com.refactoring.extractsuperclass.ExtractSuperclassRefactorer - Planned superclass placement: name=com.example.AbstractBase, path=C:\Users\wudi\AppData\Local\Temp\junit1194400412161423597\src\com\example\AbstractBase.java
19:45:03.562 [main] INFO com.refactoring.extractsuperclass.ExtractSuperclassRefactorer - Created superclass file at explicit path: C:\Users\wudi\AppData\Local\Temp\junit1194400412161423597\src\com\example\AbstractBase.java
19:45:03.579 [main] DEBUG com.refactoring.extractsuperclass.ExtractSuperclassRefactorer - Import organization skipped for C:\Users\wudi\AppData\Local\Temp\junit1194400412161423597\src\com\example\Alpha.java: AST must have been constructed from a Java element
19:45:03.594 [main] DEBUG com.refactoring.extractsuperclass.ExtractSuperclassRefactorer - Import organization skipped for C:\Users\wudi\AppData\Local\Temp\junit1194400412161423597\src\com\example\Beta.java: AST must have been constructed from a Java element
19:45:03.595 [main] DEBUG com.refactoring.extractsuperclass.ExtractSuperclassRefactorer - No module root resolved for superclass file C:\Users\wudi\AppData\Local\Temp\junit1194400412161423597\src\com\example\AbstractBase.java
]]></system-out>
  </testcase>
  <testcase name="externalSuperclass_requiresImportForNewSubclass(Path)" classname="com.refactoring.extractsuperclass.ExtractSuperclassRefactorerTest" time="0.131">
    <system-out><![CDATA[19:45:03.711 [main] INFO com.refactoring.extractsuperclass.ExtractSuperclassRefactorer - Available classes: [com.example.gui.DrawingEditor, com.example.gui.DefaultDrawingView]
19:45:03.712 [main] INFO com.refactoring.extractsuperclass.ExtractSuperclassRefactorer - Preferred package: com.example.gui
19:45:03.712 [main] INFO com.refactoring.extractsuperclass.ExtractSuperclassRefactorer - Resolving class name: com.example.gui.DefaultDrawingView
19:45:03.712 [main] INFO com.refactoring.extractsuperclass.ExtractSuperclassRefactorer - Added FQN: com.example.gui.DefaultDrawingView
19:45:03.712 [main] INFO com.refactoring.extractsuperclass.ExtractSuperclassRefactorer - Resolving class name: com.example.gui.DrawingEditor
19:45:03.712 [main] INFO com.refactoring.extractsuperclass.ExtractSuperclassRefactorer - Added FQN: com.example.gui.DrawingEditor
]]></system-out>
  </testcase>
  <testcase name="placesSuperclassAtExplicitAbsolutePath(Path)" classname="com.refactoring.extractsuperclass.ExtractSuperclassRefactorerTest" time="0.091">
    <system-out><![CDATA[19:45:03.785 [main] INFO com.refactoring.extractsuperclass.ExtractSuperclassRefactorer - Available classes: [com.example.service.BetaService, com.example.service.AlphaService]
19:45:03.785 [main] INFO com.refactoring.extractsuperclass.ExtractSuperclassRefactorer - Preferred package: com.example.service
19:45:03.785 [main] INFO com.refactoring.extractsuperclass.ExtractSuperclassRefactorer - Resolving class name: com.example.service.AlphaService
19:45:03.785 [main] INFO com.refactoring.extractsuperclass.ExtractSuperclassRefactorer - Added FQN: com.example.service.AlphaService
19:45:03.786 [main] INFO com.refactoring.extractsuperclass.ExtractSuperclassRefactorer - Resolving class name: com.example.service.BetaService
19:45:03.786 [main] INFO com.refactoring.extractsuperclass.ExtractSuperclassRefactorer - Added FQN: com.example.service.BetaService
19:45:03.786 [main] DEBUG com.refactoring.extractsuperclass.ExtractSuperclassRefactorer - Inferred package com.example.shared.base for directory C:\Users\wudi\AppData\Local\Temp\junit16217680397490591819\src\com\example\shared\base
19:45:03.786 [main] DEBUG com.refactoring.extractsuperclass.ExtractSuperclassRefactorer - Planned superclass placement: name=com.example.shared.base.CentralBase, path=C:\Users\wudi\AppData\Local\Temp\junit16217680397490591819\src\com\example\shared\base\CentralBase.java
19:45:03.787 [main] INFO com.refactoring.extractsuperclass.ExtractSuperclassRefactorer - Created superclass file at explicit path: C:\Users\wudi\AppData\Local\Temp\junit16217680397490591819\src\com\example\shared\base\CentralBase.java
19:45:03.808 [main] DEBUG com.refactoring.extractsuperclass.ExtractSuperclassRefactorer - Import organization skipped for C:\Users\wudi\AppData\Local\Temp\junit16217680397490591819\src\com\example\service\AlphaService.java: AST must have been constructed from a Java element
19:45:03.828 [main] DEBUG com.refactoring.extractsuperclass.ExtractSuperclassRefactorer - Import organization skipped for C:\Users\wudi\AppData\Local\Temp\junit16217680397490591819\src\com\example\service\BetaService.java: AST must have been constructed from a Java element
19:45:03.829 [main] DEBUG com.refactoring.extractsuperclass.ExtractSuperclassRefactorer - No module root resolved for superclass file C:\Users\wudi\AppData\Local\Temp\junit16217680397490591819\src\com\example\shared\base\CentralBase.java
]]></system-out>
  </testcase>
  <testcase name="bothHaveSuperclass_thenDoNothing(Path)" classname="com.refactoring.extractsuperclass.ExtractSuperclassRefactorerTest" time="0.044">
    <system-out><![CDATA[19:45:03.874 [main] INFO com.refactoring.extractsuperclass.ExtractSuperclassRefactorer - Available classes: [com.example.P1, com.example.P2, com.example.B, com.example.A]
19:45:03.875 [main] INFO com.refactoring.extractsuperclass.ExtractSuperclassRefactorer - Preferred package: com.example
19:45:03.875 [main] INFO com.refactoring.extractsuperclass.ExtractSuperclassRefactorer - Resolving class name: com.example.A
19:45:03.875 [main] INFO com.refactoring.extractsuperclass.ExtractSuperclassRefactorer - Added FQN: com.example.A
19:45:03.875 [main] INFO com.refactoring.extractsuperclass.ExtractSuperclassRefactorer - Resolving class name: com.example.B
19:45:03.875 [main] INFO com.refactoring.extractsuperclass.ExtractSuperclassRefactorer - Added FQN: com.example.B
]]></system-out>
  </testcase>
  <testcase name="oneHasSuperclass_thenOtherExtendsIt(Path)" classname="com.refactoring.extractsuperclass.ExtractSuperclassRefactorerTest" time="0.059">
    <system-out><![CDATA[19:45:03.922 [main] INFO com.refactoring.extractsuperclass.ExtractSuperclassRefactorer - Available classes: [com.example.B, com.example.A, com.example.Base]
19:45:03.922 [main] INFO com.refactoring.extractsuperclass.ExtractSuperclassRefactorer - Preferred package: com.example
19:45:03.922 [main] INFO com.refactoring.extractsuperclass.ExtractSuperclassRefactorer - Resolving class name: com.example.A
19:45:03.923 [main] INFO com.refactoring.extractsuperclass.ExtractSuperclassRefactorer - Added FQN: com.example.A
19:45:03.923 [main] INFO com.refactoring.extractsuperclass.ExtractSuperclassRefactorer - Resolving class name: com.example.B
19:45:03.923 [main] INFO com.refactoring.extractsuperclass.ExtractSuperclassRefactorer - Added FQN: com.example.B
19:45:03.935 [main] DEBUG com.refactoring.extractsuperclass.ExtractSuperclassRefactorer - Import organization skipped for C:\Users\wudi\AppData\Local\Temp\junit499081527083715926\src\com\example\B.java: AST must have been constructed from a Java element
]]></system-out>
  </testcase>
  <testcase name="createsSuperclassAndUpdatesClasses(Path)" classname="com.refactoring.extractsuperclass.ExtractSuperclassRefactorerTest" time="0.065">
    <system-out><![CDATA[19:45:03.966 [main] INFO com.refactoring.extractsuperclass.ExtractSuperclassRefactorer - Available classes: [com.example.ProcessorA, com.example.ProcessorB]
19:45:03.967 [main] INFO com.refactoring.extractsuperclass.ExtractSuperclassRefactorer - Preferred package: com.example
19:45:03.967 [main] INFO com.refactoring.extractsuperclass.ExtractSuperclassRefactorer - Resolving class name: com.example.ProcessorA
19:45:03.967 [main] INFO com.refactoring.extractsuperclass.ExtractSuperclassRefactorer - Added FQN: com.example.ProcessorA
19:45:03.967 [main] INFO com.refactoring.extractsuperclass.ExtractSuperclassRefactorer - Resolving class name: com.example.ProcessorB
19:45:03.967 [main] INFO com.refactoring.extractsuperclass.ExtractSuperclassRefactorer - Added FQN: com.example.ProcessorB
19:45:03.967 [main] DEBUG com.refactoring.extractsuperclass.ExtractSuperclassRefactorer - Inferred package com.example for directory C:\Users\wudi\AppData\Local\Temp\junit4732513846308049979\src\com\example
19:45:03.967 [main] DEBUG com.refactoring.extractsuperclass.ExtractSuperclassRefactorer - Planned superclass placement: name=com.example.AbstractP, path=C:\Users\wudi\AppData\Local\Temp\junit4732513846308049979\src\com\example\AbstractP.java
19:45:03.968 [main] INFO com.refactoring.extractsuperclass.ExtractSuperclassRefactorer - Created superclass file at explicit path: C:\Users\wudi\AppData\Local\Temp\junit4732513846308049979\src\com\example\AbstractP.java
19:45:03.980 [main] DEBUG com.refactoring.extractsuperclass.ExtractSuperclassRefactorer - Import organization skipped for C:\Users\wudi\AppData\Local\Temp\junit4732513846308049979\src\com\example\ProcessorA.java: AST must have been constructed from a Java element
19:45:03.998 [main] DEBUG com.refactoring.extractsuperclass.ExtractSuperclassRefactorer - Import organization skipped for C:\Users\wudi\AppData\Local\Temp\junit4732513846308049979\src\com\example\ProcessorB.java: AST must have been constructed from a Java element
19:45:03.998 [main] DEBUG com.refactoring.extractsuperclass.ExtractSuperclassRefactorer - No module root resolved for superclass file C:\Users\wudi\AppData\Local\Temp\junit4732513846308049979\src\com\example\AbstractP.java
]]></system-out>
  </testcase>
</testsuite>